15:07:29.566 [main] INFO  testCases.tc001_AccountRegistrationTest - Browser launched and URL opened.
15:07:29.596 [main] INFO  testCases.tc001_AccountRegistrationTest - -----Startin TC001_AccountRegistraionTest----
15:07:29.689 [main] INFO  testCases.tc001_AccountRegistrationTest - Clicked on Myaccount link
15:07:30.267 [main] INFO  testCases.tc001_AccountRegistrationTest - clicked registration link
15:07:30.268 [main] INFO  testCases.tc001_AccountRegistrationTest - Providing customer details
15:07:33.382 [main] INFO  testCases.tc001_AccountRegistrationTest - validating expected Message
15:07:33.419 [main] INFO  testCases.tc001_AccountRegistrationTest - ***Finished TC001_AccountRegistrationTest ***
15:07:33.652 [main] INFO  testCases.tc001_AccountRegistrationTest - Browser closed.
15:09:37.049 [main] INFO  testCases.TC002_LoginTest - Browser launched and URL opened.
15:09:37.068 [main] INFO  testCases.TC002_LoginTest - ----Strarting TC002_LoginTest Test---
15:09:37.164 [main] INFO  testCases.TC002_LoginTest - clicking on my account
15:09:37.453 [main] INFO  testCases.TC002_LoginTest - clicking on login option
15:09:38.448 [main] INFO  testCases.TC002_LoginTest - ----- Finished TC002_LoginTest Test---
15:09:38.640 [main] INFO  testCases.TC002_LoginTest - Browser closed.
15:11:17.261 [main] INFO  testCases.tc001_AccountRegistrationTest - Browser launched and URL opened.
15:11:17.281 [main] INFO  testCases.tc001_AccountRegistrationTest - -----Startin TC001_AccountRegistraionTest----
15:11:17.380 [main] INFO  testCases.tc001_AccountRegistrationTest - Clicked on Myaccount link
15:11:18.017 [main] INFO  testCases.tc001_AccountRegistrationTest - clicked registration link
15:11:18.018 [main] INFO  testCases.tc001_AccountRegistrationTest - Providing customer details
15:11:21.427 [main] INFO  testCases.tc001_AccountRegistrationTest - validating expected Message
15:11:21.452 [main] INFO  testCases.tc001_AccountRegistrationTest - ***Finished TC001_AccountRegistrationTest ***
15:11:21.644 [main] INFO  testCases.tc001_AccountRegistrationTest - Browser closed.
15:11:25.171 [main] INFO  testCases.TC002_LoginTest - Browser launched and URL opened.
15:11:25.172 [main] INFO  testCases.TC002_LoginTest - ----Strarting TC002_LoginTest Test---
15:11:25.250 [main] INFO  testCases.TC002_LoginTest - clicking on my account
15:11:25.557 [main] INFO  testCases.TC002_LoginTest - clicking on login option
15:11:26.682 [main] INFO  testCases.TC002_LoginTest - ----- Finished TC002_LoginTest Test---
15:11:26.859 [main] INFO  testCases.TC002_LoginTest - Browser closed.
15:21:35.831 [main] INFO  testCases.TC002_LoginTest - Browser launched and URL opened.
15:21:35.856 [main] INFO  testCases.TC002_LoginTest - ----Strarting TC002_LoginTest Test---
15:21:35.961 [main] INFO  testCases.TC002_LoginTest - clicking on my account
15:21:36.240 [main] INFO  testCases.TC002_LoginTest - clicking on login option
15:21:37.491 [main] INFO  testCases.TC002_LoginTest - ----- Finished TC002_LoginTest Test---
15:21:37.681 [main] INFO  testCases.TC002_LoginTest - Browser closed.
15:21:41.300 [main] INFO  testCases.tc001_AccountRegistrationTest - Browser launched and URL opened.
15:21:41.304 [main] INFO  testCases.tc001_AccountRegistrationTest - -----Startin TC001_AccountRegistraionTest----
15:21:41.413 [main] INFO  testCases.tc001_AccountRegistrationTest - Clicked on Myaccount link
15:21:42.045 [main] INFO  testCases.tc001_AccountRegistrationTest - clicked registration link
15:21:42.051 [main] INFO  testCases.tc001_AccountRegistrationTest - Providing customer details
15:21:45.996 [main] INFO  testCases.tc001_AccountRegistrationTest - validating expected Message
15:21:46.033 [main] INFO  testCases.tc001_AccountRegistrationTest - ***Finished TC001_AccountRegistrationTest ***
15:21:46.313 [main] INFO  testCases.tc001_AccountRegistrationTest - Browser closed.
22:26:56.019 [main] INFO  testCases.TC002_LoginTest - Browser launched and URL opened.
22:26:56.049 [main] INFO  testCases.TC002_LoginTest - ----Strarting TC002_LoginTest Test---
22:26:56.149 [main] INFO  testCases.TC002_LoginTest - clicking on my account
22:26:56.579 [main] INFO  testCases.TC002_LoginTest - clicking on login option
22:26:57.522 [main] INFO  testCases.TC002_LoginTest - ----- Finished TC002_LoginTest Test---
22:26:57.726 [main] INFO  testCases.TC002_LoginTest - Browser closed.
22:27:01.052 [main] INFO  testCases.tc001_AccountRegistrationTest - Browser launched and URL opened.
22:27:01.058 [main] INFO  testCases.tc001_AccountRegistrationTest - -----Startin TC001_AccountRegistraionTest----
22:27:01.154 [main] INFO  testCases.tc001_AccountRegistrationTest - Clicked on Myaccount link
22:27:01.865 [main] INFO  testCases.tc001_AccountRegistrationTest - clicked registration link
22:27:01.881 [main] INFO  testCases.tc001_AccountRegistrationTest - Providing customer details
22:27:05.684 [main] INFO  testCases.tc001_AccountRegistrationTest - validating expected Message
